<?xml version="1.0" encoding="UTF-8"?>
<!-- Generated by org.testng.reporters.JUnitXMLReporter -->
<testsuite ignored="0" hostname="LAPTOP-IVNS6M7R" failures="0" tests="3" name="Default test" time="47.118" errors="0" timestamp="2022-11-08T09:04:43 IST">
  <testcase classname="com.tcs.testcases.adminlogintest" name="verifyadminlogin" time="11.033"/>
  <testcase classname="com.tcs.testcases.adminlogintest" name="verify_Bookings" time="18.828"/>
  <testcase classname="com.tcs.testcases.adminlogintest" name="verify_pending" time="17.21"/>
</testsuite> <!-- Default test -->
