<?xml version="1.0" encoding="UTF-8"?>
<testng-results ignored="0" total="3" passed="3" failed="0" skipped="0">
  <reporter-output>
  </reporter-output>
  <suite started-at="2022-11-08T09:03:56 IST" name="Default suite" finished-at="2022-11-08T09:04:43 IST" duration-ms="47118">
    <groups>
    </groups>
    <test started-at="2022-11-08T09:03:56 IST" name="Default test" finished-at="2022-11-08T09:04:43 IST" duration-ms="47118">
      <class name="com.tcs.testcases.adminlogintest">
        <test-method is-config="true" signature="setup()[pri:0, instance:com.tcs.testcases.adminlogintest@7526515b]" started-at="2022-11-08T09:03:42 IST" name="setup" finished-at="2022-11-08T09:03:56 IST" duration-ms="14635" status="PASS">
          <reporter-output>
          </reporter-output>
        </test-method> <!-- setup -->
        <test-method signature="verifyadminlogin()[pri:1, instance:com.tcs.testcases.adminlogintest@7526515b]" started-at="2022-11-08T09:03:56 IST" name="verifyadminlogin" finished-at="2022-11-08T09:04:07 IST" duration-ms="11033" status="PASS">
          <reporter-output>
          </reporter-output>
        </test-method> <!-- verifyadminlogin -->
        <test-method signature="verify_Bookings()[pri:2, instance:com.tcs.testcases.adminlogintest@7526515b]" started-at="2022-11-08T09:04:07 IST" name="verify_Bookings" finished-at="2022-11-08T09:04:26 IST" duration-ms="18828" status="PASS">
          <reporter-output>
          </reporter-output>
        </test-method> <!-- verify_Bookings -->
        <test-method signature="verify_pending()[pri:3, instance:com.tcs.testcases.adminlogintest@7526515b]" started-at="2022-11-08T09:04:26 IST" name="verify_pending" finished-at="2022-11-08T09:04:43 IST" duration-ms="17210" status="PASS">
          <reporter-output>
          </reporter-output>
        </test-method> <!-- verify_pending -->
      </class> <!-- com.tcs.testcases.adminlogintest -->
    </test> <!-- Default test -->
  </suite> <!-- Default suite -->
</testng-results>
